[16-Aug-2025 10:07:05 UTC] PHP Fatal error:  Uncaught mysqli_sql_exception: Unknown column 'user_id' in 'INSERT INTO' in /home/w2vg1lk158p8/public_html/checkout.php:118
Stack trace:
#0 /home/w2vg1lk158p8/public_html/checkout.php(118): mysqli->prepare()
#1 {main}
  thrown in /home/w2vg1lk158p8/public_html/checkout.php on line 118
[16-Aug-2025 10:44:04 UTC] PHP Fatal error:  Uncaught mysqli_sql_exception: Unknown column 'user_id' in 'INSERT INTO' in /home/w2vg1lk158p8/public_html/checkout.php:118
Stack trace:
#0 /home/w2vg1lk158p8/public_html/checkout.php(118): mysqli->prepare()
#1 {main}
  thrown in /home/w2vg1lk158p8/public_html/checkout.php on line 118
[16-Aug-2025 19:16:18 UTC] PHP Fatal error:  Uncaught mysqli_sql_exception: Unknown column 'user_id' in 'INSERT INTO' in /home/w2vg1lk158p8/public_html/checkout.php:118
Stack trace:
#0 /home/w2vg1lk158p8/public_html/checkout.php(118): mysqli->prepare()
#1 {main}
  thrown in /home/w2vg1lk158p8/public_html/checkout.php on line 118
[16-Aug-2025 19:22:35 UTC] PHP Fatal error:  Uncaught mysqli_sql_exception: Unknown column 'user_id' in 'INSERT INTO' in /home/w2vg1lk158p8/public_html/checkout.php:118
Stack trace:
#0 /home/w2vg1lk158p8/public_html/checkout.php(118): mysqli->prepare()
#1 {main}
  thrown in /home/w2vg1lk158p8/public_html/checkout.php on line 118
[16-Aug-2025 19:26:01 UTC] PHP Fatal error:  Uncaught mysqli_sql_exception: Unknown column 'user_id' in 'INSERT INTO' in /home/w2vg1lk158p8/public_html/checkout.php:120
Stack trace:
#0 /home/w2vg1lk158p8/public_html/checkout.php(120): mysqli->prepare()
#1 {main}
  thrown in /home/w2vg1lk158p8/public_html/checkout.php on line 120
